#
# A fatal error has been detected by the Java Runtime Environment:
#
#  EXCEPTION_ACCESS_VIOLATION (0xc0000005) at pc=0x000000006047731e, pid=39856, tid=26920
#
# JRE version: Java(TM) SE Runtime Environment (8.0_60-b27) (build 1.8.0_60-b27)
# Java VM: Java HotSpot(TM) 64-Bit Server VM (25.60-b23 mixed mode windows-amd64 compressed oops)
# Problematic frame:
# C  [jfxwebkit.dll+0x99731e]
#
# Failed to write core dump. Minidumps are not enabled by default on client versions of Windows
#
# If you would like to submit a bug report, please visit:
#   http://bugreport.java.com/bugreport/crash.jsp
# The crash happened outside the Java Virtual Machine in native code.
# See problematic frame for where to report the bug.
#

---------------  T H R E A D  ---------------

Current thread (0x000000005b687000):  JavaThread "JavaFX Application Thread" [_thread_in_native, id=26920, stack(0x000000005c190000,0x000000005c290000)]

siginfo: ExceptionCode=0xc0000005, reading address 0xffffffffffffffff

Registers:
RAX=0x0069ac31f02d6e6f, RBX=0x0000000069ad45d0, RCX=0x0000000069ad45d0, RDX=0x0000000069b033ed
RSP=0x000000005c28c030, RBP=0x000000005c28c121, RSI=0x000000005c28c520, RDI=0x0000000069ad45d0
R8 =0x0000000069ad45d0, R9 =0x000000005c28c520, R10=0x0000000000000000, R11=0x0000000069943260
R12=0x0000000064b56165, R13=0x000000005e00d401, R14=0x0000000069987600, R15=0x00000000648f4600
RIP=0x000000006047731e, EFLAGS=0x0000000000010206

Top of Stack: (sp=0x000000005c28c030)
0x000000005c28c030:   0000000069ad4350 0000000069ad45d0
0x000000005c28c040:   000000005c28c520 0000000064b560e0
0x000000005c28c050:   0000000069ad45d0 0000000060481e00
0x000000005c28c060:   0000000064b560e0 000000005c28c520
0x000000005c28c070:   0000000069ad4350 0000000064b560e0
0x000000005c28c080:   000000005c28c0a0 000000005c28c4e1
0x000000005c28c090:   000000005c28c0a1 0000000064b56165
0x000000005c28c0a0:   0000000000000000 0000000064be18d0
0x000000005c28c0b0:   4484800000000000 0000000064a22f40
0x000000005c28c0c0:   000000005c000100 0000000069943260
0x000000005c28c0d0:   4484800044848000 0000000000000000
0x000000005c28c0e0:   4484800044848000 ffffff0afffffd31
0x000000005c28c0f0:   0000042400000425 0000000000000000
0x000000005c28c100:   fffffffffffffffe ffff9700ffff9700
0x000000005c28c110:   0001090000010900 ffffff0afffffd31
0x000000005c28c120:   0000042400000425 c3760000c433b300 

Instructions: (pc=0x000000006047731e)
0x00000000604772fe:   cc cc 48 89 5c 24 08 48 89 74 24 10 57 48 83 ec
0x000000006047730e:   20 48 8b 41 38 48 8b d9 48 8b 50 48 48 8b 42 08
0x000000006047731e:   0f b6 48 40 80 e1 01 74 06 f6 43 21 10 74 0c 0f
0x000000006047732e:   b6 43 20 a8 04 75 09 a8 08 75 05 40 32 f6 eb 03 


Register to memory mapping:

RAX=0x0069ac31f02d6e6f is an unknown value
RBX=0x0000000069ad45d0 is an unknown value
RCX=0x0000000069ad45d0 is an unknown value
RDX=0x0000000069b033ed is an unknown value
RSP=0x000000005c28c030 is pointing into the stack for thread: 0x000000005b687000
RBP=0x000000005c28c121 is pointing into the stack for thread: 0x000000005b687000
RSI=0x000000005c28c520 is pointing into the stack for thread: 0x000000005b687000
RDI=0x0000000069ad45d0 is an unknown value
R8 =0x0000000069ad45d0 is an unknown value
R9 =0x000000005c28c520 is pointing into the stack for thread: 0x000000005b687000
R10=0x0000000000000000 is an unknown value
R11=0x0000000069943260 is an unknown value
R12=0x0000000064b56165 is an unknown value
R13=0x000000005e00d401 is pointing into metadata
R14=0x0000000069987600 is an unknown value
R15=0x00000000648f4600 is an unknown value


Stack: [0x000000005c190000,0x000000005c290000],  sp=0x000000005c28c030,  free space=1008k
Native frames: (J=compiled Java code, j=interpreted, Vv=VM code, C=native code)
C  [jfxwebkit.dll+0x99731e]
C  [jfxwebkit.dll+0x9a1e00]
C  [jfxwebkit.dll+0x9a2289]
C  [jfxwebkit.dll+0x9a2289]
C  [jfxwebkit.dll+0x9a2289]
C  [jfxwebkit.dll+0x9a6f95]
C  [jfxwebkit.dll+0x5a000d]
C  [jfxwebkit.dll+0x5a583c]
C  [jfxwebkit.dll+0x59a76b]
C  [jfxwebkit.dll+0x70b769]
C  [jfxwebkit.dll+0x70be30]
C  [jfxwebkit.dll+0x70b568]
C  [jfxwebkit.dll+0x7a77b3]
C  [jfxwebkit.dll+0x7de4ae]
C  0x0000000002895e14

Java frames: (J=compiled Java code, j=interpreted, Vv=VM code)
j  com.sun.webkit.network.URLLoader.twkDidFinishLoading(J)V+0
j  com.sun.webkit.network.URLLoader.notifyDidFinishLoading()V+44
j  com.sun.webkit.network.URLLoader.lambda$didFinishLoading$96()V+8
j  com.sun.webkit.network.URLLoader$$Lambda$208.run()V+4
j  com.sun.javafx.application.PlatformImpl.lambda$null$174(Ljava/lang/Runnable;)Ljava/lang/Void;+1
j  com.sun.javafx.application.PlatformImpl$$Lambda$50.run()Ljava/lang/Object;+4
v  ~StubRoutines::call_stub
J 1913  java.security.AccessController.doPrivileged(Ljava/security/PrivilegedAction;Ljava/security/AccessControlContext;)Ljava/lang/Object; (0 bytes) @ 0x0000000002e29566 [0x0000000002e29500+0x66]
j  com.sun.javafx.application.PlatformImpl.lambda$runLater$175(Ljava/lang/Runnable;Ljava/security/AccessControlContext;)V+7
j  com.sun.javafx.application.PlatformImpl$$Lambda$49.run()V+8
J 2211 C1 com.sun.glass.ui.InvokeLaterDispatcher$Future.run()V (91 bytes) @ 0x0000000002ed5b0c [0x0000000002ed5a00+0x10c]
v  ~StubRoutines::call_stub
j  com.sun.glass.ui.win.WinApplication._runLoop(Ljava/lang/Runnable;)V+0
j  com.sun.glass.ui.win.WinApplication.lambda$null$149(ILjava/lang/Runnable;)V+8
j  com.sun.glass.ui.win.WinApplication$$Lambda$38.run()V+12
j  java.lang.Thread.run()V+11
v  ~StubRoutines::call_stub

---------------  P R O C E S S  ---------------

Java Threads: ( => current thread )
  0x000000005b8fa000 JavaThread "Thread-22" daemon [_thread_blocked, id=50788, stack(0x000000006d000000,0x000000006d100000)]
  0x000000005b8fb000 JavaThread "Thread-21" daemon [_thread_blocked, id=50784, stack(0x0000000064ea0000,0x0000000064fa0000)]
  0x000000005b8fe000 JavaThread "Thread-20" daemon [_thread_blocked, id=50780, stack(0x0000000064ff0000,0x00000000650f0000)]
  0x000000005b8fc800 JavaThread "Thread-19" daemon [_thread_blocked, id=50768, stack(0x000000006bf10000,0x000000006c010000)]
  0x000000005b8fd000 JavaThread "Thread-18" daemon [_thread_blocked, id=50764, stack(0x000000006bce0000,0x000000006bde0000)]
  0x000000005b8f9800 JavaThread "URL-Loader-29" daemon [_thread_blocked, id=50612, stack(0x000000006b1c0000,0x000000006b2c0000)]
  0x000000005b8f8800 JavaThread "URL-Loader-28" daemon [_thread_in_native, id=50608, stack(0x000000006b770000,0x000000006b870000)]
  0x00000000631b5800 JavaThread "URL-Loader-27" daemon [_thread_blocked, id=50604, stack(0x000000006a5b0000,0x000000006a6b0000)]
  0x00000000631b5000 JavaThread "URL-Loader-26" daemon [_thread_blocked, id=50600, stack(0x000000006b600000,0x000000006b700000)]
  0x00000000631b4000 JavaThread "URL-Loader-25" daemon [_thread_blocked, id=50596, stack(0x000000006ad10000,0x000000006ae10000)]
  0x00000000631b3000 JavaThread "URL-Loader-24" daemon [_thread_blocked, id=50592, stack(0x000000006b470000,0x000000006b570000)]
  0x00000000631b2800 JavaThread "URL-Loader-23" daemon [_thread_blocked, id=50588, stack(0x000000006b2c0000,0x000000006b3c0000)]
  0x00000000631b1800 JavaThread "URL-Loader-22" daemon [_thread_in_native, id=50584, stack(0x000000005f860000,0x000000005f960000)]
  0x00000000631b1000 JavaThread "Keep-Alive-SocketCleaner" daemon [_thread_blocked, id=50580, stack(0x000000006b0b0000,0x000000006b1b0000)]
  0x00000000631b0000 JavaThread "URL-Loader-21" daemon [_thread_in_native, id=50576, stack(0x000000006af80000,0x000000006b080000)]
  0x00000000631af800 JavaThread "URL-Loader-20" daemon [_thread_blocked, id=50572, stack(0x000000006ae20000,0x000000006af20000)]
  0x00000000631aa000 JavaThread "URL-Loader-19" daemon [_thread_in_native, id=50568, stack(0x000000006a880000,0x000000006a980000)]
  0x00000000631ab000 JavaThread "URL-Loader-18" daemon [_thread_in_native, id=50564, stack(0x00000000668d0000,0x00000000669d0000)]
  0x00000000631ac800 JavaThread "URL-Loader-17" daemon [_thread_in_native, id=50552, stack(0x000000006a6c0000,0x000000006a7c0000)]
  0x00000000631ad000 JavaThread "URL-Loader-16" daemon [_thread_blocked, id=50544, stack(0x000000006a4b0000,0x000000006a5b0000)]
  0x00000000631a6800 JavaThread "URL-Loader-15" daemon [_thread_in_native, id=50524, stack(0x000000006a370000,0x000000006a470000)]
  0x00000000631a7000 JavaThread "URL-Loader-14" daemon [_thread_blocked, id=50520, stack(0x000000006a1e0000,0x000000006a2e0000)]
  0x00000000631a8000 JavaThread "URL-Loader-13" daemon [_thread_in_native, id=50516, stack(0x000000006a050000,0x000000006a150000)]
  0x00000000631a8800 JavaThread "URL-Loader-12" daemon [_thread_blocked, id=50512, stack(0x00000000696a0000,0x00000000697a0000)]
  0x00000000631a9800 JavaThread "URL-Loader-11" daemon [_thread_blocked, id=50508, stack(0x00000000694a0000,0x00000000695a0000)]
  0x00000000631ae000 JavaThread "Keep-Alive-Timer" daemon [_thread_blocked, id=50492, stack(0x0000000066340000,0x0000000066440000)]
  0x00000000631ae800 JavaThread "URL-Loader-10" daemon [_thread_in_native, id=50488, stack(0x00000000665b0000,0x00000000666b0000)]
  0x00000000630e8800 JavaThread "Watchdog-Timer-1" daemon [_thread_blocked, id=50224, stack(0x00000000664a0000,0x00000000665a0000)]
  0x000000005bbf0000 JavaThread "Prism Font Disposer" daemon [_thread_blocked, id=50192, stack(0x000000005f560000,0x000000005f660000)]
  0x000000005b81f800 JavaThread "Disposer" daemon [_thread_blocked, id=50180, stack(0x000000005e730000,0x000000005e830000)]
  0x000000005b77c000 JavaThread "Thread-3" daemon [_thread_in_native, id=46916, stack(0x000000005dbf0000,0x000000005dcf0000)]
  0x000000005b69a800 JavaThread "JavaFX-Launcher" [_thread_blocked, id=49700, stack(0x000000005dd30000,0x000000005de30000)]
=>0x000000005b687000 JavaThread "JavaFX Application Thread" [_thread_in_native, id=26920, stack(0x000000005c190000,0x000000005c290000)]
  0x000000005b685000 JavaThread "Thread-1" daemon [_thread_blocked, id=48780, stack(0x000000005bf60000,0x000000005c060000)]
  0x000000005b66b000 JavaThread "QuantumRenderer-0" daemon [_thread_blocked, id=49608, stack(0x000000005b140000,0x000000005b240000)]
  0x00000000596b2000 JavaThread "Service Thread" daemon [_thread_blocked, id=49764, stack(0x000000005b350000,0x000000005b450000)]
  0x000000005962e800 JavaThread "C1 CompilerThread3" daemon [_thread_blocked, id=47228, stack(0x000000005b250000,0x000000005b350000)]
  0x000000005962a800 JavaThread "C2 CompilerThread2" daemon [_thread_blocked, id=46724, stack(0x000000005b010000,0x000000005b110000)]
  0x000000005961f800 JavaThread "C2 CompilerThread1" daemon [_thread_blocked, id=49188, stack(0x000000005ae10000,0x000000005af10000)]
  0x0000000059618000 JavaThread "C2 CompilerThread0" daemon [_thread_blocked, id=46708, stack(0x000000005acc0000,0x000000005adc0000)]
  0x0000000059616800 JavaThread "Attach Listener" daemon [_thread_blocked, id=49128, stack(0x000000005aad0000,0x000000005abd0000)]
  0x0000000059615000 JavaThread "Signal Dispatcher" daemon [_thread_blocked, id=48892, stack(0x000000005a880000,0x000000005a980000)]
  0x000000005728f800 JavaThread "Finalizer" daemon [_thread_blocked, id=46704, stack(0x000000005a980000,0x000000005aa80000)]
  0x0000000057288800 JavaThread "Reference Handler" daemon [_thread_blocked, id=49956, stack(0x000000005a700000,0x000000005a800000)]
  0x000000000226e800 JavaThread "main" [_thread_blocked, id=48680, stack(0x00000000024b0000,0x00000000025b0000)]

Other Threads:
  0x00000000595c2800 VMThread [stack: 0x000000005a560000,0x000000005a660000] [id=49860]
  0x0000000059676800 WatcherThread [stack: 0x000000005b4a0000,0x000000005b5a0000] [id=49124]

VM state:not at safepoint (normal execution)

VM Mutex/Monitor currently owned by a thread: None

Heap:
 PSYoungGen      total 138752K, used 75784K [0x00000000d5700000, 0x00000000e6d00000, 0x0000000100000000)
  eden space 133120K, 56% used [0x00000000d5700000,0x00000000da1023e0,0x00000000dd900000)
  from space 5632K, 0% used [0x00000000dd900000,0x00000000dd900000,0x00000000dde80000)
  to   space 9216K, 0% used [0x00000000e6400000,0x00000000e6400000,0x00000000e6d00000)
 ParOldGen       total 48640K, used 10211K [0x0000000080400000, 0x0000000083380000, 0x00000000d5700000)
  object space 48640K, 20% used [0x0000000080400000,0x0000000080df8fb8,0x0000000083380000)
 Metaspace       used 23915K, capacity 24920K, committed 25088K, reserved 1071104K
  class space    used 3228K, capacity 3470K, committed 3584K, reserved 1048576K

Card table byte_map: [0x0000000011c40000,0x0000000012040000] byte_map_base: 0x000000001183e000

Marking Bits: (ParMarkBitMap*) 0x000000005800a5b0
 Begin Bits: [0x0000000012cc0000, 0x0000000014cb0000)
 End Bits:   [0x0000000014cb0000, 0x0000000016ca0000)

Polling page: 0x0000000001b70000

CodeCache: size=245760Kb used=9576Kb max_used=9576Kb free=236183Kb
 bounds [0x0000000002880000, 0x00000000031f0000, 0x0000000011880000]
 total_blobs=4054 nmethods=3271 adapters=693
 compilation: enabled

Compilation events (10 events):
Event: 20.222 Thread 0x000000005962e800 3718       1       java.net.URI::access$2900 (4 bytes)
Event: 20.222 Thread 0x000000005962e800 nmethod 3718 0x00000000029a4b50 code [0x00000000029a4ca0, 0x00000000029a4d90]
Event: 20.284 Thread 0x000000005962e800 3719       3       java.lang.System::getProperty (25 bytes)
Event: 20.284 Thread 0x000000005962e800 nmethod 3719 0x0000000002d22190 code [0x0000000002d223c0, 0x0000000002d22e38]
Event: 20.299 Thread 0x000000005962e800 3720       3       java.nio.HeapByteBuffer::get (54 bytes)
Event: 20.299 Thread 0x000000005962e800 nmethod 3720 0x00000000031daf90 code [0x00000000031db160, 0x00000000031db8d8]
Event: 20.345 Thread 0x000000005962e800 3721   !   3       com.sun.javafx.application.PlatformImpl::waitForStart (26 bytes)
Event: 20.346 Thread 0x000000005962e800 nmethod 3721 0x0000000002d24850 code [0x0000000002d24a60, 0x0000000002d25548]
Event: 20.346 Thread 0x000000005962e800 3722       3       com.sun.javafx.application.PlatformImpl$$Lambda$49/683287027::get$Lambda (10 bytes)
Event: 20.346 Thread 0x000000005962e800 nmethod 3722 0x00000000029a4650 code [0x00000000029a47c0, 0x00000000029a4a30]

GC Heap History (10 events):
Event: 0.988 GC heap before
{Heap before GC invocations=4 (full 0):
 PSYoungGen      total 38400K, used 38105K [0x00000000d5700000, 0x00000000da200000, 0x0000000100000000)
  eden space 33280K, 99% used [0x00000000d5700000,0x00000000d77702e8,0x00000000d7780000)
  from space 5120K, 95% used [0x00000000d7780000,0x00000000d7c46408,0x00000000d7c80000)
  to   space 5120K, 0% used [0x00000000d9d00000,0x00000000d9d00000,0x00000000da200000)
 ParOldGen       total 87552K, used 88K [0x0000000080400000, 0x0000000085980000, 0x00000000d5700000)
  object space 87552K, 0% used [0x0000000080400000,0x0000000080416010,0x0000000085980000)
 Metaspace       used 16409K, capacity 17118K, committed 17408K, reserved 1064960K
  class space    used 2333K, capacity 2497K, committed 2560K, reserved 1048576K
Event: 0.992 GC heap after
Heap after GC invocations=4 (full 0):
 PSYoungGen      total 71680K, used 4942K [0x00000000d5700000, 0x00000000da200000, 0x0000000100000000)
  eden space 66560K, 0% used [0x00000000d5700000,0x00000000d5700000,0x00000000d9800000)
  from space 5120K, 96% used [0x00000000d9d00000,0x00000000da1d3848,0x00000000da200000)
  to   space 5120K, 0% used [0x00000000d9800000,0x00000000d9800000,0x00000000d9d00000)
 ParOldGen       total 87552K, used 96K [0x0000000080400000, 0x0000000085980000, 0x00000000d5700000)
  object space 87552K, 0% used [0x0000000080400000,0x0000000080418010,0x0000000085980000)
 Metaspace       used 16409K, capacity 17118K, committed 17408K, reserved 1064960K
  class space    used 2333K, capacity 2497K, committed 2560K, reserved 1048576K
}
Event: 1.013 GC heap before
{Heap before GC invocations=5 (full 0):
 PSYoungGen      total 71680K, used 71502K [0x00000000d5700000, 0x00000000da200000, 0x0000000100000000)
  eden space 66560K, 100% used [0x00000000d5700000,0x00000000d9800000,0x00000000d9800000)
  from space 5120K, 96% used [0x00000000d9d00000,0x00000000da1d3848,0x00000000da200000)
  to   space 5120K, 0% used [0x00000000d9800000,0x00000000d9800000,0x00000000d9d00000)
 ParOldGen       total 87552K, used 96K [0x0000000080400000, 0x0000000085980000, 0x00000000d5700000)
  object space 87552K, 0% used [0x0000000080400000,0x0000000080418010,0x0000000085980000)
 Metaspace       used 16814K, capacity 17514K, committed 17792K, reserved 1064960K
  class space    used 2465K, capacity 2627K, committed 2688K, reserved 1048576K
Event: 1.017 GC heap after
Heap after GC invocations=5 (full 0):
 PSYoungGen      total 71680K, used 5073K [0x00000000d5700000, 0x00000000de400000, 0x0000000100000000)
  eden space 66560K, 0% used [0x00000000d5700000,0x00000000d5700000,0x00000000d9800000)
  from space 5120K, 99% used [0x00000000d9800000,0x00000000d9cf4508,0x00000000d9d00000)
  to   space 5632K, 0% used [0x00000000dde80000,0x00000000dde80000,0x00000000de400000)
 ParOldGen       total 87552K, used 104K [0x0000000080400000, 0x0000000085980000, 0x00000000d5700000)
  object space 87552K, 0% used [0x0000000080400000,0x000000008041a010,0x0000000085980000)
 Metaspace       used 16814K, capacity 17514K, committed 17792K, reserved 1064960K
  class space    used 2465K, capacity 2627K, committed 2688K, reserved 1048576K
}
Event: 1.033 GC heap before
{Heap before GC invocations=6 (full 0):
 PSYoungGen      total 71680K, used 71559K [0x00000000d5700000, 0x00000000de400000, 0x0000000100000000)
  eden space 66560K, 99% used [0x00000000d5700000,0x00000000d97ed7e0,0x00000000d9800000)
  from space 5120K, 99% used [0x00000000d9800000,0x00000000d9cf4508,0x00000000d9d00000)
  to   space 5632K, 0% used [0x00000000dde80000,0x00000000dde80000,0x00000000de400000)
 ParOldGen       total 87552K, used 104K [0x0000000080400000, 0x0000000085980000, 0x00000000d5700000)
  object space 87552K, 0% used [0x0000000080400000,0x000000008041a010,0x0000000085980000)
 Metaspace       used 16987K, capacity 17648K, committed 17792K, reserved 1064960K
  class space    used 2497K, capacity 2628K, committed 2688K, reserved 1048576K
Event: 1.038 GC heap after
Heap after GC invocations=6 (full 0):
 PSYoungGen      total 138752K, used 5151K [0x00000000d5700000, 0x00000000de400000, 0x0000000100000000)
  eden space 133120K, 0% used [0x00000000d5700000,0x00000000d5700000,0x00000000dd900000)
  from space 5632K, 91% used [0x00000000dde80000,0x00000000de387fc0,0x00000000de400000)
  to   space 5632K, 0% used [0x00000000dd900000,0x00000000dd900000,0x00000000dde80000)
 ParOldGen       total 87552K, used 112K [0x0000000080400000, 0x0000000085980000, 0x00000000d5700000)
  object space 87552K, 0% used [0x0000000080400000,0x000000008041c010,0x0000000085980000)
 Metaspace       used 16987K, capacity 17648K, committed 17792K, reserved 1064960K
  class space    used 2497K, capacity 2628K, committed 2688K, reserved 1048576K
}
Event: 13.231 GC heap before
{Heap before GC invocations=7 (full 0):
 PSYoungGen      total 138752K, used 69792K [0x00000000d5700000, 0x00000000de400000, 0x0000000100000000)
  eden space 133120K, 48% used [0x00000000d5700000,0x00000000d9620108,0x00000000dd900000)
  from space 5632K, 91% used [0x00000000dde80000,0x00000000de387fc0,0x00000000de400000)
  to   space 5632K, 0% used [0x00000000dd900000,0x00000000dd900000,0x00000000dde80000)
 ParOldGen       total 87552K, used 112K [0x0000000080400000, 0x0000000085980000, 0x00000000d5700000)
  object space 87552K, 0% used [0x0000000080400000,0x000000008041c010,0x0000000085980000)
 Metaspace       used 20243K, capacity 21122K, committed 21296K, reserved 1067008K
  class space    used 2871K, capacity 3087K, committed 3200K, reserved 1048576K
Event: 13.238 GC heap after
Heap after GC invocations=7 (full 0):
 PSYoungGen      total 138752K, used 5612K [0x00000000d5700000, 0x00000000e6d00000, 0x0000000100000000)
  eden space 133120K, 0% used [0x00000000d5700000,0x00000000d5700000,0x00000000dd900000)
  from space 5632K, 99% used [0x00000000dd900000,0x00000000dde7b058,0x00000000dde80000)
  to   space 9216K, 0% used [0x00000000e6400000,0x00000000e6400000,0x00000000e6d00000)
 ParOldGen       total 87552K, used 6898K [0x0000000080400000, 0x0000000085980000, 0x00000000d5700000)
  object space 87552K, 7% used [0x0000000080400000,0x0000000080abc868,0x0000000085980000)
 Metaspace       used 20243K, capacity 21122K, committed 21296K, reserved 1067008K
  class space    used 2871K, capacity 3087K, committed 3200K, reserved 1048576K
}
Event: 13.238 GC heap before
{Heap before GC invocations=8 (full 1):
 PSYoungGen      total 138752K, used 5612K [0x00000000d5700000, 0x00000000e6d00000, 0x0000000100000000)
  eden space 133120K, 0% used [0x00000000d5700000,0x00000000d5700000,0x00000000dd900000)
  from space 5632K, 99% used [0x00000000dd900000,0x00000000dde7b058,0x00000000dde80000)
  to   space 9216K, 0% used [0x00000000e6400000,0x00000000e6400000,0x00000000e6d00000)
 ParOldGen       total 87552K, used 6898K [0x0000000080400000, 0x0000000085980000, 0x00000000d5700000)
  object space 87552K, 7% used [0x0000000080400000,0x0000000080abc868,0x0000000085980000)
 Metaspace       used 20243K, capacity 21122K, committed 21296K, reserved 1067008K
  class space    used 2871K, capacity 3087K, committed 3200K, reserved 1048576K
Event: 13.304 GC heap after
Heap after GC invocations=8 (full 1):
 PSYoungGen      total 138752K, used 0K [0x00000000d5700000, 0x00000000e6d00000, 0x0000000100000000)
  eden space 133120K, 0% used [0x00000000d5700000,0x00000000d5700000,0x00000000dd900000)
  from space 5632K, 0% used [0x00000000dd900000,0x00000000dd900000,0x00000000dde80000)
  to   space 9216K, 0% used [0x00000000e6400000,0x00000000e6400000,0x00000000e6d00000)
 ParOldGen       total 48640K, used 10211K [0x0000000080400000, 0x0000000083380000, 0x00000000d5700000)
  object space 48640K, 20% used [0x0000000080400000,0x0000000080df8fb8,0x0000000083380000)
 Metaspace       used 20243K, capacity 21122K, committed 21296K, reserved 1067008K
  class space    used 2871K, capacity 3087K, committed 3200K, reserved 1048576K
}

Deoptimization events (10 events):
Event: 15.153 Thread 0x00000000631a8800 Uncommon trap: reason=predicate action=maybe_recompile pc=0x000000000314f614 method=java.util.regex.Pattern$SliceI.match(Ljava/util/regex/Matcher;ILjava/lang/CharSequence;)Z @ 21
Event: 16.158 Thread 0x000000005b687000 Uncommon trap: reason=class_check action=maybe_recompile pc=0x0000000002c49e9c method=java.io.FilterInputStream.read()I @ 4
Event: 16.158 Thread 0x000000005b687000 Uncommon trap: reason=class_check action=maybe_recompile pc=0x0000000002c49e9c method=java.io.FilterInputStream.read()I @ 4
Event: 16.158 Thread 0x000000005b687000 Uncommon trap: reason=class_check action=maybe_recompile pc=0x0000000002c49e9c method=java.io.FilterInputStream.read()I @ 4
Event: 16.158 Thread 0x000000005b687000 Uncommon trap: reason=class_check action=maybe_recompile pc=0x0000000002c49e9c method=java.io.FilterInputStream.read()I @ 4
Event: 16.203 Thread 0x000000005b66b000 Uncommon trap: reason=unstable_if action=reinterpret pc=0x0000000002b61798 method=java.lang.ref.SoftReference.get()Ljava/lang/Object; @ 17
Event: 17.711 Thread 0x000000005b687000 Uncommon trap: reason=unstable_if action=reinterpret pc=0x00000000029a6518 method=java.util.Arrays.equals([B[B)Z @ 2
Event: 17.712 Thread 0x000000005b687000 Uncommon trap: reason=class_check action=maybe_recompile pc=0x0000000002a9f508 method=java.util.HashSet.iterator()Ljava/util/Iterator; @ 4
Event: 18.609 Thread 0x000000005b687000 Uncommon trap: reason=class_check action=maybe_recompile pc=0x0000000002ef0e88 method=javafx.scene.Node.updateLocalToParentTransform()V @ 11
Event: 19.279 Thread 0x000000005b687000 Uncommon trap: reason=class_check action=maybe_recompile pc=0x0000000002ef0e88 method=javafx.scene.Node.updateLocalToParentTransform()V @ 11

Internal exceptions (10 events):
Event: 0.557 Thread 0x000000005b687000 Exception <a 'java/lang/ArrayIndexOutOfBoundsException'> (0x00000000d6be0e90) thrown at [C:\re\workspace\8-2-build-windows-amd64-cygwin\jdk8u60\4407\hotspot\src\share\vm\runtime\sharedRuntime.cpp, line 605]
Event: 0.559 Thread 0x000000005b687000 Exception <a 'java/lang/ArrayIndexOutOfBoundsException'> (0x00000000d6be7970) thrown at [C:\re\workspace\8-2-build-windows-amd64-cygwin\jdk8u60\4407\hotspot\src\share\vm\runtime\sharedRuntime.cpp, line 605]
Event: 0.604 Thread 0x000000005b687000 Exception <a 'sun/nio/fs/WindowsException'> (0x00000000d6e6eb80) thrown at [C:\re\workspace\8-2-build-windows-amd64-cygwin\jdk8u60\4407\hotspot\src\share\vm\prims\jni.cpp, line 709]
Event: 0.606 Thread 0x000000005b687000 Exception <a 'sun/nio/fs/WindowsException'> (0x00000000d6e70a18) thrown at [C:\re\workspace\8-2-build-windows-amd64-cygwin\jdk8u60\4407\hotspot\src\share\vm\prims\jni.cpp, line 709]
Event: 0.611 Thread 0x000000005b687000 Implicit null exception at 0x0000000002b58204 to 0x0000000002b58551
Event: 0.654 Thread 0x000000005b687000 Implicit null exception at 0x0000000002afbc65 to 0x0000000002afbe39
Event: 0.914 Thread 0x000000005b687000 Implicit null exception at 0x0000000002be75d6 to 0x0000000002be761d
Event: 1.586 Thread 0x000000005b687000 Implicit null exception at 0x0000000002a9f286 to 0x0000000002a9f5a9
Event: 19.748 Thread 0x000000005b687000 Exception <a 'java/lang/ClassNotFoundException': sun/net/www/protocol/about/Handler> (0x00000000d9ad56a8) thrown at [C:\re\workspace\8-2-build-windows-amd64-cygwin\jdk8u60\4407\hotspot\src\share\vm\classfile\systemDictionary.cpp, line 210]
Event: 20.284 Thread 0x000000005b687000 Exception <a 'java/lang/ClassNotFoundException': sun/net/www/protocol/about/Handler> (0x00000000d9f7ee10) thrown at [C:\re\workspace\8-2-build-windows-amd64-cygwin\jdk8u60\4407\hotspot\src\share\vm\classfile\systemDictionary.cpp, line 210]

Events (10 events):
Event: 20.222 Executing VM operation: RevokeBias done
Event: 20.222 Executing VM operation: RevokeBias
Event: 20.222 Executing VM operation: RevokeBias done
Event: 20.284 loading class sun/net/www/protocol/about/Handler
Event: 20.284 loading class sun/net/www/protocol/about/Handler done
Event: 20.284 loading class sun/net/www/protocol/about/Handler
Event: 20.284 loading class sun/net/www/protocol/about/Handler done
Event: 20.289 Executing VM operation: RevokeBias
Event: 20.289 Executing VM operation: RevokeBias done
Event: 20.289 Thread 0x000000005b8fb800 Thread exited: 0x000000005b8fb800


Dynamic libraries:
0x000000013f8b0000 - 0x000000013f8e7000 	C:\Program Files\Java\jdk1.8.0_60\jre\bin\java.exe
0x00000000776d0000 - 0x0000000077879000 	C:\Windows\SYSTEM32\ntdll.dll
0x00000000775b0000 - 0x00000000776cf000 	C:\Windows\system32\kernel32.dll
0x000007fefd4e0000 - 0x000007fefd54c000 	C:\Windows\system32\KERNELBASE.dll
0x000007feff3c0000 - 0x000007feff49b000 	C:\Windows\system32\ADVAPI32.dll
0x000007fefdcd0000 - 0x000007fefdd6f000 	C:\Windows\system32\msvcrt.dll
0x000007feff090000 - 0x000007feff0af000 	C:\Windows\SYSTEM32\sechost.dll
0x000007feff1b0000 - 0x000007feff2dd000 	C:\Windows\system32\RPCRT4.dll
0x00000000774b0000 - 0x00000000775aa000 	C:\Windows\system32\USER32.dll
0x000007fefdd80000 - 0x000007fefdde7000 	C:\Windows\system32\GDI32.dll
0x000007fefdd70000 - 0x000007fefdd7e000 	C:\Windows\system32\LPK.dll
0x000007fefdbb0000 - 0x000007fefdc79000 	C:\Windows\system32\USP10.dll
0x000007fefbe30000 - 0x000007fefc024000 	C:\Windows\WinSxS\amd64_microsoft.windows.common-controls_6595b64144ccf1df_6.0.7601.18837_none_fa3b1e3d17594757\COMCTL32.dll
0x000007feff750000 - 0x000007feff7c1000 	C:\Windows\system32\SHLWAPI.dll
0x000007fefdc80000 - 0x000007fefdcae000 	C:\Windows\system32\IMM32.DLL
0x000007fefdaa0000 - 0x000007fefdba9000 	C:\Windows\system32\MSCTF.dll
0x000007fefd730000 - 0x000007fefd735000 	C:\Windows\system32\api-ms-win-downlevel-advapi32-l1-1-0.dll
0x000007fefd2a0000 - 0x000007fefd2c5000 	C:\Windows\system32\SspiCli.dll
0x0000000058840000 - 0x0000000058912000 	C:\Program Files\Java\jdk1.8.0_60\jre\bin\msvcr100.dll
0x0000000057800000 - 0x0000000058089000 	C:\Program Files\Java\jdk1.8.0_60\jre\bin\server\jvm.dll
0x000007fef9f20000 - 0x000007fef9f29000 	C:\Windows\system32\WSOCK32.dll
0x000007feff520000 - 0x000007feff56d000 	C:\Windows\system32\WS2_32.dll
0x000007fefddf0000 - 0x000007fefddf8000 	C:\Windows\system32\NSI.dll
0x000007fefb6a0000 - 0x000007fefb6db000 	C:\Windows\system32\WINMM.dll
0x000007fefc530000 - 0x000007fefc53c000 	C:\Windows\system32\VERSION.dll
0x0000000077890000 - 0x0000000077897000 	C:\Windows\system32\PSAPI.DLL
0x000000005fad0000 - 0x000000005fadf000 	C:\Program Files\Java\jdk1.8.0_60\jre\bin\verify.dll
0x00000000587d0000 - 0x00000000587f9000 	C:\Program Files\Java\jdk1.8.0_60\jre\bin\java.dll
0x00000000587b0000 - 0x00000000587c6000 	C:\Program Files\Java\jdk1.8.0_60\jre\bin\zip.dll
0x000007fefdf90000 - 0x000007fefed19000 	C:\Windows\system32\SHELL32.dll
0x000007feff7d0000 - 0x000007feff9d3000 	C:\Windows\system32\ole32.dll
0x000007fefd4a0000 - 0x000007fefd4af000 	C:\Windows\system32\profapi.dll
0x000007fedce60000 - 0x000007fedcf4f000 	C:\Program Files\Java\jdk1.8.0_60\jre\bin\msvcr120.dll
0x000007fedca30000 - 0x000007fedcad6000 	C:\Program Files\Java\jdk1.8.0_60\jre\bin\msvcp120.dll
0x0000000001d00000 - 0x0000000001d23000 	C:\Program Files\Java\jdk1.8.0_60\jre\bin\prism_d3d.dll
0x000007fed5f40000 - 0x000007fed613f000 	C:\Windows\system32\d3d9.dll
0x000007fefb990000 - 0x000007fefb997000 	C:\Windows\system32\d3d8thk.dll
0x000007fefb9a0000 - 0x000007fefb9b8000 	C:\Windows\system32\dwmapi.dll
0x000007fefba20000 - 0x000007fefba76000 	C:\Windows\system32\uxtheme.dll
0x000007fed09d0000 - 0x000007fed1cce000 	C:\Windows\system32\nvd3dumx.dll
0x0000000180000000 - 0x00000001802b1000 	C:\Windows\system32\nvspcap64.dll
0x000007feff2e0000 - 0x000007feff3b7000 	C:\Windows\system32\OLEAUT32.dll
0x00000000020f0000 - 0x0000000002133000 	C:\Program Files\Java\jdk1.8.0_60\jre\bin\glass.dll
0x000007feff110000 - 0x000007feff1a7000 	C:\Windows\system32\COMDLG32.dll
0x000007feef1f0000 - 0x000007feef227000 	C:\Program Files\Folder Guard\FGH64.dll
0x000007fefb0a0000 - 0x000007fefb0b1000 	C:\Windows\system32\WTSAPI32.dll
0x000007fefd330000 - 0x000007fefd33f000 	C:\Windows\system32\CRYPTBASE.dll
0x000007fefc040000 - 0x000007fefc06c000 	C:\Windows\system32\powrprof.dll
0x000007feff570000 - 0x000007feff747000 	C:\Windows\system32\SETUPAPI.dll
0x000007fefd560000 - 0x000007fefd596000 	C:\Windows\system32\CFGMGR32.dll
0x000007fefd750000 - 0x000007fefd76a000 	C:\Windows\system32\DEVOBJ.dll
0x000007fed5dd0000 - 0x000007fed5f37000 	C:\Program Files (x86)\NVIDIA Corporation\3D Vision\nvSCPAPI64.dll
0x000000005fae0000 - 0x000000006206d000 	C:\Program Files\Java\jdk1.8.0_60\jre\bin\jfxwebkit.dll
0x000007fefccd0000 - 0x000007fefcce8000 	C:\Windows\system32\CRYPTSP.dll
0x000007fefc9d0000 - 0x000007fefca17000 	C:\Windows\system32\rsaenh.dll
0x0000000058790000 - 0x00000000587aa000 	C:\Program Files\Java\jdk1.8.0_60\jre\bin\net.dll
0x000007fefcc70000 - 0x000007fefccc5000 	C:\Windows\system32\mswsock.dll
0x000007fefcc60000 - 0x000007fefcc67000 	C:\Windows\System32\wship6.dll
0x0000000058770000 - 0x0000000058781000 	C:\Program Files\Java\jdk1.8.0_60\jre\bin\nio.dll
0x000007fefc600000 - 0x000007fefc607000 	C:\Windows\System32\wshtcpip.dll
0x000007fefcaf0000 - 0x000007fefcb4b000 	C:\Windows\system32\DNSAPI.dll
0x000007feef1a0000 - 0x000007feef1cf000 	C:\Program Files\Common Files\Microsoft Shared\Windows Live\WLIDNSP.DLL
0x000007fefafe0000 - 0x000007fefb007000 	C:\Windows\system32\IPHLPAPI.DLL
0x000007fefafc0000 - 0x000007fefafcb000 	C:\Windows\system32\WINNSI.DLL
0x000007feef270000 - 0x000007feef278000 	C:\Windows\system32\rasadhlp.dll
0x000007fefac60000 - 0x000007fefacb3000 	C:\Windows\System32\fwpuclnt.dll
0x0000000012310000 - 0x0000000012324000 	C:\Program Files\Java\jdk1.8.0_60\jre\bin\javafx_font.dll
0x000007feed580000 - 0x000007feed717000 	C:\Windows\system32\dwrite.dll
0x000007fefed20000 - 0x000007fefedb9000 	C:\Windows\system32\CLBCatQ.DLL
0x000007fefb420000 - 0x000007fefb581000 	C:\Windows\system32\WindowsCodecs.dll
0x000007fefd2d0000 - 0x000007fefd327000 	C:\Windows\system32\apphelp.dll
0x000007feed820000 - 0x000007feed8e0000 	C:\Program Files (x86)\Google\Drive\googledrivesync64.dll
0x000000006ac30000 - 0x000000006ad03000 	C:\Windows\WinSxS\amd64_microsoft.vc90.crt_1fc8b3b9a1e18e3b_9.0.30729.6161_none_08e61857a83bc251\MSVCP90.dll
0x000000006ab80000 - 0x000000006ac23000 	C:\Windows\WinSxS\amd64_microsoft.vc90.crt_1fc8b3b9a1e18e3b_9.0.30729.6161_none_08e61857a83bc251\MSVCR90.dll
0x000007feec1b0000 - 0x000007feec512000 	C:\Program Files (x86)\Adobe\Adobe Creative Cloud\CoreSync\CoreSync_x64.dll
0x000000006aa00000 - 0x000000006aa98000 	C:\Windows\system32\MSVCP100.dll
0x000007fefd5b0000 - 0x000007fefd71d000 	C:\Windows\system32\CRYPT32.dll
0x000007fefd490000 - 0x000007fefd49f000 	C:\Windows\system32\MSASN1.dll
0x000007fefd850000 - 0x000007fefda98000 	C:\Windows\system32\WININET.dll
0x000007fefd720000 - 0x000007fefd724000 	C:\Windows\system32\api-ms-win-downlevel-user32-l1-1-0.dll
0x000007fefd4b0000 - 0x000007fefd4b4000 	C:\Windows\system32\api-ms-win-downlevel-shlwapi-l1-1-0.dll
0x000007fefd550000 - 0x000007fefd554000 	C:\Windows\system32\api-ms-win-downlevel-version-l1-1-0.dll
0x000007fefd5a0000 - 0x000007fefd5a3000 	C:\Windows\system32\api-ms-win-downlevel-normaliz-l1-1-0.dll
0x00000000778a0000 - 0x00000000778a3000 	C:\Windows\system32\normaliz.DLL
0x000007fefedc0000 - 0x000007feff087000 	C:\Windows\system32\iertutil.dll
0x000007fefd4c0000 - 0x000007fefd4de000 	C:\Windows\system32\USERENV.dll
0x000007fefa430000 - 0x000007fefa446000 	C:\Windows\system32\NETAPI32.dll
0x000007fefa500000 - 0x000007fefa50c000 	C:\Windows\system32\netutils.dll
0x000007fefcf70000 - 0x000007fefcf93000 	C:\Windows\system32\srvcli.dll
0x000007fefa510000 - 0x000007fefa525000 	C:\Windows\system32\wkscli.dll
0x000007feef1d0000 - 0x000007feef1e8000 	C:\Windows\system32\MPR.dll
0x000007feebf90000 - 0x000007feec1a4000 	C:\Program Files\Microsoft Office\root\Office16\GROOVEEX.DLL
0x000007fefa8b0000 - 0x000007fefa8c7000 	C:\Program Files\Microsoft Office\root\Office16\VCRUNTIME140.dll
0x000007fefb9d0000 - 0x000007fefb9d4000 	C:\Program Files\Microsoft Office\root\Office16\api-ms-win-crt-runtime-l1-1-0.dll
0x000007feed720000 - 0x000007feed812000 	C:\Windows\system32\ucrtbase.DLL
0x000007fef9c80000 - 0x000007fef9c83000 	C:\Windows\system32\api-ms-win-core-timezone-l1-1-0.dll
0x000007fef9ba0000 - 0x000007fef9ba3000 	C:\Windows\system32\api-ms-win-core-file-l2-1-0.dll
0x000007fef9b70000 - 0x000007fef9b73000 	C:\Windows\system32\api-ms-win-core-localization-l1-2-0.dll
0x000007fef0180000 - 0x000007fef0183000 	C:\Windows\system32\api-ms-win-core-synch-l1-2-0.dll
0x000007fef0170000 - 0x000007fef0173000 	C:\Windows\system32\api-ms-win-core-processthreads-l1-1-1.dll
0x000007feeff50000 - 0x000007feeff53000 	C:\Windows\system32\api-ms-win-core-file-l1-2-0.dll
0x000007fefa4e0000 - 0x000007fefa4e4000 	C:\Program Files\Microsoft Office\root\Office16\api-ms-win-crt-string-l1-1-0.dll
0x000007fefa4d0000 - 0x000007fefa4d3000 	C:\Program Files\Microsoft Office\root\Office16\api-ms-win-crt-heap-l1-1-0.dll
0x000007fefa4c0000 - 0x000007fefa4c4000 	C:\Program Files\Microsoft Office\root\Office16\api-ms-win-crt-stdio-l1-1-0.dll
0x000007fefa4b0000 - 0x000007fefa4b4000 	C:\Program Files\Microsoft Office\root\Office16\api-ms-win-crt-convert-l1-1-0.dll
0x000007feeff60000 - 0x000007feefffe000 	C:\Program Files\Microsoft Office\root\Office16\MSVCP140.dll
0x000007fefa4a0000 - 0x000007fefa4a3000 	C:\Program Files\Microsoft Office\root\Office16\api-ms-win-crt-locale-l1-1-0.dll
0x000007fefa2d0000 - 0x000007fefa2d5000 	C:\Program Files\Microsoft Office\root\Office16\api-ms-win-crt-math-l1-1-0.dll
0x000007fefa2c0000 - 0x000007fefa2c5000 	C:\Program Files\Microsoft Office\root\Office16\api-ms-win-crt-multibyte-l1-1-0.dll
0x000007fefa070000 - 0x000007fefa073000 	C:\Program Files\Microsoft Office\root\Office16\api-ms-win-crt-time-l1-1-0.dll
0x000007fef9e00000 - 0x000007fef9e03000 	C:\Program Files\Microsoft Office\root\Office16\api-ms-win-crt-filesystem-l1-1-0.dll
0x000007fef9d80000 - 0x000007fef9d83000 	C:\Program Files\Microsoft Office\root\Office16\api-ms-win-crt-environment-l1-1-0.dll
0x000007fef9d40000 - 0x000007fef9d43000 	C:\Program Files\Microsoft Office\root\Office16\api-ms-win-crt-utility-l1-1-0.dll
0x000007fef1d00000 - 0x000007fef201d000 	C:\Windows\system32\msi.dll
0x000007fee93d0000 - 0x000007fee9c4e000 	C:\Program Files\Microsoft Office\root\Office16\1033\GrooveIntlResource.dll
0x000007feeff40000 - 0x000007feeff4f000 	C:\Windows\system32\AcSignIcon.dll
0x000007feeb860000 - 0x000007feebdc5000 	C:\Windows\system32\mfc110u.dll
0x000007feed300000 - 0x000007feed3d4000 	C:\Windows\system32\MSVCR110.dll
0x000007feede70000 - 0x000007feedea5000 	C:\Windows\system32\EhStorShell.dll
0x000007fefbc00000 - 0x000007fefbd2c000 	C:\Windows\system32\PROPSYS.dll
0x000007fee6bc0000 - 0x000007fee6bed000 	C:\Program Files\Common Files\Microsoft Shared\Ink\rtscom.dll
0x000000005aaa0000 - 0x000000005aab1000 	C:\Program Files\Java\jdk1.8.0_60\jre\bin\prism_common.dll
0x000000005eb50000 - 0x000000005eb74000 	C:\Program Files\Java\jdk1.8.0_60\jre\bin\sunec.dll
0x000007fefac30000 - 0x000007fefac41000 	C:\Windows\system32\dhcpcsvc6.DLL
0x000007fefae40000 - 0x000007fefae58000 	C:\Windows\system32\dhcpcsvc.DLL
0x000007fefb240000 - 0x000007fefb255000 	C:\Windows\system32\NLAapi.dll
0x000007fee8a30000 - 0x000007fee8a45000 	C:\Windows\system32\napinsp.dll
0x000007fee8930000 - 0x000007fee8949000 	C:\Windows\system32\pnrpnsp.dll

VM Arguments:
jvm_args: -Dfile.encoding=UTF-8 
java_command: C:\Users\Nepaze\Documents\NetBeansProjects\InternetExplorer\dist\run1326902959\InternetExplorer.jar
java_class_path (initial): C:\Users\Nepaze\Documents\NetBeansProjects\InternetExplorer\dist\run1326902959\InternetExplorer.jar
Launcher Type: SUN_STANDARD

Environment Variables:
PATH=C:\Python34\Lib\site-packages\PyQt4;C:\ProgramData\Oracle\Java\javapath;C:\Program Files (x86)\NVIDIA Corporation\PhysX\Common;C:\Ruby200-x64\bin;c:\mingw\bin;c:\mingw\libexec\gcc\x86_64-pc-mingw32\4.7.0;C:\Program Files (x86)\iis express\PHP\v5.3;C:\Users\Nepaze\gcc\bin;C:\Users\Nepaze\gcc\libexec\gcc\x86_64-pc-mingw32\4.7.0;C:\Program Files\Common Files\Microsoft Shared\Windows Live;C:\Program Files (x86)\Common Files\Microsoft Shared\Windows Live;C:\Windows\system32;C:\Windows;C:\Windows\System32\Wbem;C:\Windows\System32\WindowsPowerShell\v1.0\;C:\Program Files\WIDCOMM\Bluetooth Software\;C:\Program Files\WIDCOMM\Bluetooth Software\syswow64;C:\Program Files\Broadcom\WHL\;C:\Program Files\Broadcom\WHL\syswow64;C:\Program Files\Broadcom\WHL\SysWow64\;C:\Program Files\Broadcom\WHL\SysWow64\syswow64;C:\Program Files\Intel\WiFi\bin\;C:\Program Files\Common Files\Intel\WirelessCommon\;C:\Program Files (x86)\Intel\Services\IPT\;C:\Program Files (x86)\Sony\VAIO Startup Setting Tool;C:\Program Files (x86)\Windows Live\Shared;C:\Program Files\Common Files\;c:\Program Files (x86)\Microsoft SQL Server\90\Tools\binn\;C:\Program Files\Microsoft SQL Server\110\Tools\Binn\;C:\Program Files\Common Files\Autodesk Shared\;C:\Program Files (x86)\Windows Kits\8.1\Windows Performance Toolkit\;C:\Program Files\Java\jdk1.8.0_60\bin;C:\cygwin64\bin;C:\Program Files (x86)\Skype\Phone\;C:\Program Files (x86)\Autodesk\Backburner\
USERNAME=Nepaze
OS=Windows_NT
PROCESSOR_IDENTIFIER=Intel64 Family 6 Model 42 Stepping 7, GenuineIntel



---------------  S Y S T E M  ---------------

OS: Windows 7 , 64 bit Build 7601 (6.1.7601.18869)

CPU:total 8 (4 cores per cpu, 2 threads per core) family 6 model 42 stepping 7, cmov, cx8, fxsr, mmx, sse, sse2, sse3, ssse3, sse4.1, sse4.2, popcnt, avx, aes, clmul, ht, tsc, tscinvbit

Memory: 4k page, physical 8369376k(3281720k free), swap 18607540k(12420604k free)

vm_info: Java HotSpot(TM) 64-Bit Server VM (25.60-b23) for windows-amd64 JRE (1.8.0_60-b27), built on Aug  4 2015 11:06:27 by "java_re" with MS VC++ 10.0 (VS2010)

time: Sun Oct 18 22:46:38 2015
elapsed time: 20 seconds (0d 0h 0m 20s)

